mode: set
github.com/GuiTadeu/mercado-fresh-panic/cmd/server/controllers/buyers.go:27.65,31.2 1 0
github.com/GuiTadeu/mercado-fresh-panic/cmd/server/controllers/buyers.go:33.51,34.32 1 0
github.com/GuiTadeu/mercado-fresh-panic/cmd/server/controllers/buyers.go:34.32,38.17 3 0
github.com/GuiTadeu/mercado-fresh-panic/cmd/server/controllers/buyers.go:45.3,47.17 2 0
github.com/GuiTadeu/mercado-fresh-panic/cmd/server/controllers/buyers.go:52.3,52.79 1 0
github.com/GuiTadeu/mercado-fresh-panic/cmd/server/controllers/buyers.go:38.17,43.4 2 0
github.com/GuiTadeu/mercado-fresh-panic/cmd/server/controllers/buyers.go:47.17,51.4 3 0
github.com/GuiTadeu/mercado-fresh-panic/cmd/server/controllers/buyers.go:57.52,58.32 1 0
github.com/GuiTadeu/mercado-fresh-panic/cmd/server/controllers/buyers.go:58.32,62.17 2 0
github.com/GuiTadeu/mercado-fresh-panic/cmd/server/controllers/buyers.go:68.3,68.70 1 0
github.com/GuiTadeu/mercado-fresh-panic/cmd/server/controllers/buyers.go:62.17,66.4 3 0
github.com/GuiTadeu/mercado-fresh-panic/cmd/server/controllers/buyers.go:73.49,74.32 1 0
github.com/GuiTadeu/mercado-fresh-panic/cmd/server/controllers/buyers.go:74.32,77.17 2 0
github.com/GuiTadeu/mercado-fresh-panic/cmd/server/controllers/buyers.go:84.3,86.17 2 0
github.com/GuiTadeu/mercado-fresh-panic/cmd/server/controllers/buyers.go:92.3,92.69 1 0
github.com/GuiTadeu/mercado-fresh-panic/cmd/server/controllers/buyers.go:77.17,82.4 2 0
github.com/GuiTadeu/mercado-fresh-panic/cmd/server/controllers/buyers.go:86.17,90.4 3 0
github.com/GuiTadeu/mercado-fresh-panic/cmd/server/controllers/buyers.go:96.52,97.32 1 0
github.com/GuiTadeu/mercado-fresh-panic/cmd/server/controllers/buyers.go:97.32,100.17 2 0
github.com/GuiTadeu/mercado-fresh-panic/cmd/server/controllers/buyers.go:107.3,108.17 2 0
github.com/GuiTadeu/mercado-fresh-panic/cmd/server/controllers/buyers.go:114.3,114.38 1 0
github.com/GuiTadeu/mercado-fresh-panic/cmd/server/controllers/buyers.go:100.17,105.4 2 0
github.com/GuiTadeu/mercado-fresh-panic/cmd/server/controllers/buyers.go:108.17,112.4 3 0
github.com/GuiTadeu/mercado-fresh-panic/cmd/server/controllers/buyers.go:118.52,119.32 1 0
github.com/GuiTadeu/mercado-fresh-panic/cmd/server/controllers/buyers.go:119.32,121.17 2 0
github.com/GuiTadeu/mercado-fresh-panic/cmd/server/controllers/buyers.go:128.3,130.17 3 0
github.com/GuiTadeu/mercado-fresh-panic/cmd/server/controllers/buyers.go:137.3,138.17 2 0
github.com/GuiTadeu/mercado-fresh-panic/cmd/server/controllers/buyers.go:144.3,144.69 1 0
github.com/GuiTadeu/mercado-fresh-panic/cmd/server/controllers/buyers.go:121.17,126.4 2 0
github.com/GuiTadeu/mercado-fresh-panic/cmd/server/controllers/buyers.go:130.17,135.4 2 0
github.com/GuiTadeu/mercado-fresh-panic/cmd/server/controllers/buyers.go:138.17,142.4 3 0
github.com/GuiTadeu/mercado-fresh-panic/cmd/server/controllers/buyers.go:148.66,149.13 1 0
github.com/GuiTadeu/mercado-fresh-panic/cmd/server/controllers/buyers.go:151.33,152.58 1 0
github.com/GuiTadeu/mercado-fresh-panic/cmd/server/controllers/buyers.go:154.43,155.58 1 0
github.com/GuiTadeu/mercado-fresh-panic/cmd/server/controllers/buyers.go:157.10,158.69 1 0
github.com/GuiTadeu/mercado-fresh-panic/cmd/server/controllers/employees.go:15.77,19.2 1 0
github.com/GuiTadeu/mercado-fresh-panic/cmd/server/controllers/employees.go:35.55,36.32 1 0
github.com/GuiTadeu/mercado-fresh-panic/cmd/server/controllers/employees.go:36.32,39.50 2 0
github.com/GuiTadeu/mercado-fresh-panic/cmd/server/controllers/employees.go:45.3,47.17 2 0
github.com/GuiTadeu/mercado-fresh-panic/cmd/server/controllers/employees.go:53.3,53.82 1 0
github.com/GuiTadeu/mercado-fresh-panic/cmd/server/controllers/employees.go:39.50,44.4 2 0
github.com/GuiTadeu/mercado-fresh-panic/cmd/server/controllers/employees.go:47.17,51.4 3 0
github.com/GuiTadeu/mercado-fresh-panic/cmd/server/controllers/employees.go:57.52,58.32 1 0
github.com/GuiTadeu/mercado-fresh-panic/cmd/server/controllers/employees.go:58.32,61.17 2 0
github.com/GuiTadeu/mercado-fresh-panic/cmd/server/controllers/employees.go:68.3,70.17 2 0
github.com/GuiTadeu/mercado-fresh-panic/cmd/server/controllers/employees.go:76.3,76.72 1 0
github.com/GuiTadeu/mercado-fresh-panic/cmd/server/controllers/employees.go:61.17,66.4 2 0
github.com/GuiTadeu/mercado-fresh-panic/cmd/server/controllers/employees.go:70.17,74.4 3 0
github.com/GuiTadeu/mercado-fresh-panic/cmd/server/controllers/employees.go:81.55,82.32 1 0
github.com/GuiTadeu/mercado-fresh-panic/cmd/server/controllers/employees.go:82.32,86.17 2 0
github.com/GuiTadeu/mercado-fresh-panic/cmd/server/controllers/employees.go:93.3,96.17 3 0
github.com/GuiTadeu/mercado-fresh-panic/cmd/server/controllers/employees.go:103.3,105.17 2 0
github.com/GuiTadeu/mercado-fresh-panic/cmd/server/controllers/employees.go:111.3,111.72 1 0
github.com/GuiTadeu/mercado-fresh-panic/cmd/server/controllers/employees.go:86.17,91.4 2 0
github.com/GuiTadeu/mercado-fresh-panic/cmd/server/controllers/employees.go:96.17,101.4 2 0
github.com/GuiTadeu/mercado-fresh-panic/cmd/server/controllers/employees.go:105.17,109.4 3 0
github.com/GuiTadeu/mercado-fresh-panic/cmd/server/controllers/employees.go:115.55,116.32 1 0
github.com/GuiTadeu/mercado-fresh-panic/cmd/server/controllers/employees.go:116.32,120.17 2 0
github.com/GuiTadeu/mercado-fresh-panic/cmd/server/controllers/employees.go:126.3,126.73 1 0
github.com/GuiTadeu/mercado-fresh-panic/cmd/server/controllers/employees.go:120.17,124.4 3 0
github.com/GuiTadeu/mercado-fresh-panic/cmd/server/controllers/employees.go:130.55,131.32 1 0
github.com/GuiTadeu/mercado-fresh-panic/cmd/server/controllers/employees.go:131.32,134.17 2 0
github.com/GuiTadeu/mercado-fresh-panic/cmd/server/controllers/employees.go:141.3,142.17 2 0
github.com/GuiTadeu/mercado-fresh-panic/cmd/server/controllers/employees.go:147.3,147.81 1 0
github.com/GuiTadeu/mercado-fresh-panic/cmd/server/controllers/employees.go:134.17,139.4 2 0
github.com/GuiTadeu/mercado-fresh-panic/cmd/server/controllers/employees.go:142.17,146.4 3 0
github.com/GuiTadeu/mercado-fresh-panic/cmd/server/controllers/employees.go:151.69,152.13 1 0
github.com/GuiTadeu/mercado-fresh-panic/cmd/server/controllers/employees.go:154.41,155.58 1 0
github.com/GuiTadeu/mercado-fresh-panic/cmd/server/controllers/employees.go:157.39,158.58 1 0
github.com/GuiTadeu/mercado-fresh-panic/cmd/server/controllers/employees.go:159.10,160.69 1 0
github.com/GuiTadeu/mercado-fresh-panic/cmd/server/controllers/products.go:42.73,46.2 1 0
github.com/GuiTadeu/mercado-fresh-panic/cmd/server/controllers/products.go:48.54,49.32 1 0
github.com/GuiTadeu/mercado-fresh-panic/cmd/server/controllers/products.go:49.32,52.17 2 0
github.com/GuiTadeu/mercado-fresh-panic/cmd/server/controllers/products.go:58.3,58.72 1 0
github.com/GuiTadeu/mercado-fresh-panic/cmd/server/controllers/products.go:52.17,56.4 3 0
github.com/GuiTadeu/mercado-fresh-panic/cmd/server/controllers/products.go:62.51,63.32 1 0
github.com/GuiTadeu/mercado-fresh-panic/cmd/server/controllers/products.go:63.32,66.17 2 0
github.com/GuiTadeu/mercado-fresh-panic/cmd/server/controllers/products.go:73.3,75.17 2 0
github.com/GuiTadeu/mercado-fresh-panic/cmd/server/controllers/products.go:81.3,81.71 1 0
github.com/GuiTadeu/mercado-fresh-panic/cmd/server/controllers/products.go:66.17,71.4 2 0
github.com/GuiTadeu/mercado-fresh-panic/cmd/server/controllers/products.go:75.17,79.4 3 0
github.com/GuiTadeu/mercado-fresh-panic/cmd/server/controllers/products.go:86.54,87.32 1 0
github.com/GuiTadeu/mercado-fresh-panic/cmd/server/controllers/products.go:87.32,93.17 4 0
github.com/GuiTadeu/mercado-fresh-panic/cmd/server/controllers/products.go:100.3,114.17 2 0
github.com/GuiTadeu/mercado-fresh-panic/cmd/server/controllers/products.go:120.3,120.86 1 0
github.com/GuiTadeu/mercado-fresh-panic/cmd/server/controllers/products.go:93.17,98.4 2 0
github.com/GuiTadeu/mercado-fresh-panic/cmd/server/controllers/products.go:114.17,118.4 3 0
github.com/GuiTadeu/mercado-fresh-panic/cmd/server/controllers/products.go:124.54,125.32 1 0
github.com/GuiTadeu/mercado-fresh-panic/cmd/server/controllers/products.go:125.32,130.17 3 0
github.com/GuiTadeu/mercado-fresh-panic/cmd/server/controllers/products.go:137.3,138.17 2 0
github.com/GuiTadeu/mercado-fresh-panic/cmd/server/controllers/products.go:146.3,159.17 2 0
github.com/GuiTadeu/mercado-fresh-panic/cmd/server/controllers/products.go:165.3,165.78 1 0
github.com/GuiTadeu/mercado-fresh-panic/cmd/server/controllers/products.go:130.17,135.4 2 0
github.com/GuiTadeu/mercado-fresh-panic/cmd/server/controllers/products.go:138.17,144.4 2 0
github.com/GuiTadeu/mercado-fresh-panic/cmd/server/controllers/products.go:159.17,163.4 3 0
github.com/GuiTadeu/mercado-fresh-panic/cmd/server/controllers/products.go:169.54,170.32 1 0
github.com/GuiTadeu/mercado-fresh-panic/cmd/server/controllers/products.go:170.32,173.17 2 0
github.com/GuiTadeu/mercado-fresh-panic/cmd/server/controllers/products.go:180.3,182.17 2 0
github.com/GuiTadeu/mercado-fresh-panic/cmd/server/controllers/products.go:188.3,188.81 1 0
github.com/GuiTadeu/mercado-fresh-panic/cmd/server/controllers/products.go:173.17,178.4 2 0
github.com/GuiTadeu/mercado-fresh-panic/cmd/server/controllers/products.go:182.17,186.4 3 0
github.com/GuiTadeu/mercado-fresh-panic/cmd/server/controllers/products.go:192.68,193.13 1 0
github.com/GuiTadeu/mercado-fresh-panic/cmd/server/controllers/products.go:195.37,196.58 1 0
github.com/GuiTadeu/mercado-fresh-panic/cmd/server/controllers/products.go:198.39,199.58 1 0
github.com/GuiTadeu/mercado-fresh-panic/cmd/server/controllers/products.go:201.10,202.69 1 0
github.com/GuiTadeu/mercado-fresh-panic/cmd/server/controllers/sections.go:36.73,40.2 1 0
github.com/GuiTadeu/mercado-fresh-panic/cmd/server/controllers/sections.go:42.54,43.32 1 0
github.com/GuiTadeu/mercado-fresh-panic/cmd/server/controllers/sections.go:43.32,46.17 2 0
github.com/GuiTadeu/mercado-fresh-panic/cmd/server/controllers/sections.go:52.3,52.72 1 0
github.com/GuiTadeu/mercado-fresh-panic/cmd/server/controllers/sections.go:46.17,50.4 3 0
github.com/GuiTadeu/mercado-fresh-panic/cmd/server/controllers/sections.go:56.51,57.32 1 0
github.com/GuiTadeu/mercado-fresh-panic/cmd/server/controllers/sections.go:57.32,60.17 2 0
github.com/GuiTadeu/mercado-fresh-panic/cmd/server/controllers/sections.go:67.3,69.17 2 0
github.com/GuiTadeu/mercado-fresh-panic/cmd/server/controllers/sections.go:75.3,75.71 1 0
github.com/GuiTadeu/mercado-fresh-panic/cmd/server/controllers/sections.go:60.17,65.4 2 0
github.com/GuiTadeu/mercado-fresh-panic/cmd/server/controllers/sections.go:69.17,73.4 3 0
github.com/GuiTadeu/mercado-fresh-panic/cmd/server/controllers/sections.go:80.54,81.32 1 0
github.com/GuiTadeu/mercado-fresh-panic/cmd/server/controllers/sections.go:81.32,86.17 3 0
github.com/GuiTadeu/mercado-fresh-panic/cmd/server/controllers/sections.go:93.3,104.17 2 0
github.com/GuiTadeu/mercado-fresh-panic/cmd/server/controllers/sections.go:110.3,110.86 1 0
github.com/GuiTadeu/mercado-fresh-panic/cmd/server/controllers/sections.go:86.17,91.4 2 0
github.com/GuiTadeu/mercado-fresh-panic/cmd/server/controllers/sections.go:104.17,108.4 3 0
github.com/GuiTadeu/mercado-fresh-panic/cmd/server/controllers/sections.go:114.54,115.32 1 0
github.com/GuiTadeu/mercado-fresh-panic/cmd/server/controllers/sections.go:115.32,121.17 4 0
github.com/GuiTadeu/mercado-fresh-panic/cmd/server/controllers/sections.go:129.3,139.17 2 0
github.com/GuiTadeu/mercado-fresh-panic/cmd/server/controllers/sections.go:145.3,145.78 1 0
github.com/GuiTadeu/mercado-fresh-panic/cmd/server/controllers/sections.go:121.17,127.4 2 0
github.com/GuiTadeu/mercado-fresh-panic/cmd/server/controllers/sections.go:139.17,143.4 3 0
github.com/GuiTadeu/mercado-fresh-panic/cmd/server/controllers/sections.go:149.54,150.32 1 0
github.com/GuiTadeu/mercado-fresh-panic/cmd/server/controllers/sections.go:150.32,153.17 2 0
github.com/GuiTadeu/mercado-fresh-panic/cmd/server/controllers/sections.go:160.3,162.17 2 0
github.com/GuiTadeu/mercado-fresh-panic/cmd/server/controllers/sections.go:168.3,168.81 1 0
github.com/GuiTadeu/mercado-fresh-panic/cmd/server/controllers/sections.go:153.17,158.4 2 0
github.com/GuiTadeu/mercado-fresh-panic/cmd/server/controllers/sections.go:162.17,166.4 3 0
github.com/GuiTadeu/mercado-fresh-panic/cmd/server/controllers/sections.go:172.68,173.13 1 0
github.com/GuiTadeu/mercado-fresh-panic/cmd/server/controllers/sections.go:175.37,176.58 1 0
github.com/GuiTadeu/mercado-fresh-panic/cmd/server/controllers/sections.go:178.41,179.58 1 0
github.com/GuiTadeu/mercado-fresh-panic/cmd/server/controllers/sections.go:181.10,182.69 1 0
github.com/GuiTadeu/mercado-fresh-panic/cmd/server/controllers/sellers.go:16.54,20.2 1 0
github.com/GuiTadeu/mercado-fresh-panic/cmd/server/controllers/sellers.go:22.61,23.32 1 0
github.com/GuiTadeu/mercado-fresh-panic/cmd/server/controllers/sellers.go:23.32,26.17 2 0
github.com/GuiTadeu/mercado-fresh-panic/cmd/server/controllers/sellers.go:32.3,32.65 1 0
github.com/GuiTadeu/mercado-fresh-panic/cmd/server/controllers/sellers.go:26.17,30.4 3 0
github.com/GuiTadeu/mercado-fresh-panic/cmd/server/controllers/sellers.go:36.61,37.32 1 0
github.com/GuiTadeu/mercado-fresh-panic/cmd/server/controllers/sellers.go:37.32,43.17 3 0
github.com/GuiTadeu/mercado-fresh-panic/cmd/server/controllers/sellers.go:49.3,51.17 2 0
github.com/GuiTadeu/mercado-fresh-panic/cmd/server/controllers/sellers.go:57.3,57.65 1 0
github.com/GuiTadeu/mercado-fresh-panic/cmd/server/controllers/sellers.go:43.17,47.4 3 0
github.com/GuiTadeu/mercado-fresh-panic/cmd/server/controllers/sellers.go:51.17,55.4 3 0
github.com/GuiTadeu/mercado-fresh-panic/cmd/server/controllers/sellers.go:61.60,62.32 1 0
github.com/GuiTadeu/mercado-fresh-panic/cmd/server/controllers/sellers.go:62.32,66.50 2 0
github.com/GuiTadeu/mercado-fresh-panic/cmd/server/controllers/sellers.go:71.3,73.17 2 0
github.com/GuiTadeu/mercado-fresh-panic/cmd/server/controllers/sellers.go:79.3,79.75 1 0
github.com/GuiTadeu/mercado-fresh-panic/cmd/server/controllers/sellers.go:66.50,69.4 2 0
github.com/GuiTadeu/mercado-fresh-panic/cmd/server/controllers/sellers.go:73.17,77.4 3 0
github.com/GuiTadeu/mercado-fresh-panic/cmd/server/controllers/sellers.go:83.60,84.32 1 0
github.com/GuiTadeu/mercado-fresh-panic/cmd/server/controllers/sellers.go:84.32,92.17 4 0
github.com/GuiTadeu/mercado-fresh-panic/cmd/server/controllers/sellers.go:97.3,97.50 1 0
github.com/GuiTadeu/mercado-fresh-panic/cmd/server/controllers/sellers.go:102.3,104.17 2 0
github.com/GuiTadeu/mercado-fresh-panic/cmd/server/controllers/sellers.go:110.3,110.65 1 0
github.com/GuiTadeu/mercado-fresh-panic/cmd/server/controllers/sellers.go:92.17,95.4 2 0
github.com/GuiTadeu/mercado-fresh-panic/cmd/server/controllers/sellers.go:97.50,100.4 2 0
github.com/GuiTadeu/mercado-fresh-panic/cmd/server/controllers/sellers.go:104.17,108.4 3 0
github.com/GuiTadeu/mercado-fresh-panic/cmd/server/controllers/sellers.go:114.60,115.32 1 0
github.com/GuiTadeu/mercado-fresh-panic/cmd/server/controllers/sellers.go:115.32,121.17 3 0
github.com/GuiTadeu/mercado-fresh-panic/cmd/server/controllers/sellers.go:126.3,128.17 2 0
github.com/GuiTadeu/mercado-fresh-panic/cmd/server/controllers/sellers.go:134.3,134.81 1 0
github.com/GuiTadeu/mercado-fresh-panic/cmd/server/controllers/sellers.go:121.17,124.4 2 0
github.com/GuiTadeu/mercado-fresh-panic/cmd/server/controllers/sellers.go:128.17,132.4 3 0
github.com/GuiTadeu/mercado-fresh-panic/cmd/server/controllers/sellers.go:138.67,139.13 1 0
github.com/GuiTadeu/mercado-fresh-panic/cmd/server/controllers/sellers.go:141.35,142.58 1 0
github.com/GuiTadeu/mercado-fresh-panic/cmd/server/controllers/sellers.go:144.37,145.58 1 0
github.com/GuiTadeu/mercado-fresh-panic/cmd/server/controllers/sellers.go:147.10,148.69 1 0
github.com/GuiTadeu/mercado-fresh-panic/cmd/server/controllers/warehouses.go:32.89,36.2 1 1
github.com/GuiTadeu/mercado-fresh-panic/cmd/server/controllers/warehouses.go:38.56,39.32 1 1
github.com/GuiTadeu/mercado-fresh-panic/cmd/server/controllers/warehouses.go:39.32,43.17 2 1
github.com/GuiTadeu/mercado-fresh-panic/cmd/server/controllers/warehouses.go:49.3,49.73 1 1
github.com/GuiTadeu/mercado-fresh-panic/cmd/server/controllers/warehouses.go:43.17,47.4 3 0
github.com/GuiTadeu/mercado-fresh-panic/cmd/server/controllers/warehouses.go:53.56,54.32 1 1
github.com/GuiTadeu/mercado-fresh-panic/cmd/server/controllers/warehouses.go:54.32,59.17 3 1
github.com/GuiTadeu/mercado-fresh-panic/cmd/server/controllers/warehouses.go:64.3,66.17 2 1
github.com/GuiTadeu/mercado-fresh-panic/cmd/server/controllers/warehouses.go:71.3,71.88 1 1
github.com/GuiTadeu/mercado-fresh-panic/cmd/server/controllers/warehouses.go:59.17,62.4 2 1
github.com/GuiTadeu/mercado-fresh-panic/cmd/server/controllers/warehouses.go:66.17,70.4 3 1
github.com/GuiTadeu/mercado-fresh-panic/cmd/server/controllers/warehouses.go:75.53,76.32 1 1
github.com/GuiTadeu/mercado-fresh-panic/cmd/server/controllers/warehouses.go:76.32,79.17 2 1
github.com/GuiTadeu/mercado-fresh-panic/cmd/server/controllers/warehouses.go:84.3,86.17 2 1
github.com/GuiTadeu/mercado-fresh-panic/cmd/server/controllers/warehouses.go:92.3,92.73 1 1
github.com/GuiTadeu/mercado-fresh-panic/cmd/server/controllers/warehouses.go:79.17,83.4 3 0
github.com/GuiTadeu/mercado-fresh-panic/cmd/server/controllers/warehouses.go:86.17,90.4 3 1
github.com/GuiTadeu/mercado-fresh-panic/cmd/server/controllers/warehouses.go:96.56,97.32 1 1
github.com/GuiTadeu/mercado-fresh-panic/cmd/server/controllers/warehouses.go:97.32,100.17 2 1
github.com/GuiTadeu/mercado-fresh-panic/cmd/server/controllers/warehouses.go:105.3,107.17 2 1
github.com/GuiTadeu/mercado-fresh-panic/cmd/server/controllers/warehouses.go:113.3,114.17 2 1
github.com/GuiTadeu/mercado-fresh-panic/cmd/server/controllers/warehouses.go:119.3,119.81 1 1
github.com/GuiTadeu/mercado-fresh-panic/cmd/server/controllers/warehouses.go:100.17,104.4 3 0
github.com/GuiTadeu/mercado-fresh-panic/cmd/server/controllers/warehouses.go:107.17,111.4 3 0
github.com/GuiTadeu/mercado-fresh-panic/cmd/server/controllers/warehouses.go:114.17,118.4 3 0
github.com/GuiTadeu/mercado-fresh-panic/cmd/server/controllers/warehouses.go:124.56,125.32 1 1
github.com/GuiTadeu/mercado-fresh-panic/cmd/server/controllers/warehouses.go:125.32,129.17 4 1
github.com/GuiTadeu/mercado-fresh-panic/cmd/server/controllers/warehouses.go:133.3,141.17 2 1
github.com/GuiTadeu/mercado-fresh-panic/cmd/server/controllers/warehouses.go:146.3,146.80 1 1
github.com/GuiTadeu/mercado-fresh-panic/cmd/server/controllers/warehouses.go:129.17,132.4 2 0
github.com/GuiTadeu/mercado-fresh-panic/cmd/server/controllers/warehouses.go:141.17,145.4 3 1
github.com/GuiTadeu/mercado-fresh-panic/cmd/server/controllers/warehouses.go:150.70,151.13 1 1
github.com/GuiTadeu/mercado-fresh-panic/cmd/server/controllers/warehouses.go:152.41,153.58 1 1
github.com/GuiTadeu/mercado-fresh-panic/cmd/server/controllers/warehouses.go:154.43,155.58 1 1
github.com/GuiTadeu/mercado-fresh-panic/cmd/server/controllers/warehouses.go:156.10,157.69 1 0
github.com/GuiTadeu/mercado-fresh-panic/cmd/server/controllers/warehouses_service_mock.go:13.70,14.18 1 1
github.com/GuiTadeu/mercado-fresh-panic/cmd/server/controllers/warehouses_service_mock.go:17.2,17.45 1 1
github.com/GuiTadeu/mercado-fresh-panic/cmd/server/controllers/warehouses_service_mock.go:14.18,16.3 1 0
github.com/GuiTadeu/mercado-fresh-panic/cmd/server/controllers/warehouses_service_mock.go:20.74,21.18 1 1
github.com/GuiTadeu/mercado-fresh-panic/cmd/server/controllers/warehouses_service_mock.go:24.2,24.43 1 1
github.com/GuiTadeu/mercado-fresh-panic/cmd/server/controllers/warehouses_service_mock.go:21.18,23.3 1 1
github.com/GuiTadeu/mercado-fresh-panic/cmd/server/controllers/warehouses_service_mock.go:27.55,28.18 1 1
github.com/GuiTadeu/mercado-fresh-panic/cmd/server/controllers/warehouses_service_mock.go:31.2,31.12 1 1
github.com/GuiTadeu/mercado-fresh-panic/cmd/server/controllers/warehouses_service_mock.go:28.18,30.3 1 0
github.com/GuiTadeu/mercado-fresh-panic/cmd/server/controllers/warehouses_service_mock.go:35.58,37.2 1 0
github.com/GuiTadeu/mercado-fresh-panic/cmd/server/controllers/warehouses_service_mock.go:39.165,40.18 1 1
github.com/GuiTadeu/mercado-fresh-panic/cmd/server/controllers/warehouses_service_mock.go:43.2,43.43 1 1
github.com/GuiTadeu/mercado-fresh-panic/cmd/server/controllers/warehouses_service_mock.go:40.18,42.3 1 1
github.com/GuiTadeu/mercado-fresh-panic/cmd/server/controllers/warehouses_service_mock.go:46.176,47.18 1 1
github.com/GuiTadeu/mercado-fresh-panic/cmd/server/controllers/warehouses_service_mock.go:50.2,50.43 1 1
github.com/GuiTadeu/mercado-fresh-panic/cmd/server/controllers/warehouses_service_mock.go:47.18,49.3 1 1
