mode: set
github.com/GuiTadeu/mercado-fresh-panic/internal/warehouses/service.go:24.69,28.2 1 1
github.com/GuiTadeu/mercado-fresh-panic/internal/warehouses/service.go:34.67,37.2 1 1
github.com/GuiTadeu/mercado-fresh-panic/internal/warehouses/service.go:39.162,41.15 2 1
github.com/GuiTadeu/mercado-fresh-panic/internal/warehouses/service.go:44.2,44.94 1 1
github.com/GuiTadeu/mercado-fresh-panic/internal/warehouses/service.go:41.15,43.3 1 1
github.com/GuiTadeu/mercado-fresh-panic/internal/warehouses/service.go:47.71,49.2 1 1
github.com/GuiTadeu/mercado-fresh-panic/internal/warehouses/service.go:51.52,53.2 1 1
github.com/GuiTadeu/mercado-fresh-panic/internal/warehouses/service.go:55.47,57.16 2 0
github.com/GuiTadeu/mercado-fresh-panic/internal/warehouses/service.go:61.2,61.26 1 0
github.com/GuiTadeu/mercado-fresh-panic/internal/warehouses/service.go:65.2,65.45 1 0
github.com/GuiTadeu/mercado-fresh-panic/internal/warehouses/service.go:57.16,59.3 1 0
github.com/GuiTadeu/mercado-fresh-panic/internal/warehouses/service.go:61.26,63.3 1 0
github.com/GuiTadeu/mercado-fresh-panic/internal/warehouses/service.go:68.173,70.16 2 1
github.com/GuiTadeu/mercado-fresh-panic/internal/warehouses/service.go:73.2,74.15 2 1
github.com/GuiTadeu/mercado-fresh-panic/internal/warehouses/service.go:77.2,87.16 4 1
github.com/GuiTadeu/mercado-fresh-panic/internal/warehouses/service.go:90.2,90.26 1 1
github.com/GuiTadeu/mercado-fresh-panic/internal/warehouses/service.go:70.16,72.3 1 1
github.com/GuiTadeu/mercado-fresh-panic/internal/warehouses/service.go:74.15,76.3 1 1
github.com/GuiTadeu/mercado-fresh-panic/internal/warehouses/service.go:87.16,89.3 1 0
github.com/GuiTadeu/mercado-fresh-panic/internal/warehouses/repository.go:18.72,22.2 1 0
github.com/GuiTadeu/mercado-fresh-panic/internal/warehouses/repository.go:28.70,30.2 1 0
github.com/GuiTadeu/mercado-fresh-panic/internal/warehouses/repository.go:32.165,36.2 3 0
github.com/GuiTadeu/mercado-fresh-panic/internal/warehouses/repository.go:38.50,40.16 2 0
github.com/GuiTadeu/mercado-fresh-panic/internal/warehouses/repository.go:43.2,43.25 1 0
github.com/GuiTadeu/mercado-fresh-panic/internal/warehouses/repository.go:47.2,47.43 1 0
github.com/GuiTadeu/mercado-fresh-panic/internal/warehouses/repository.go:40.16,42.3 1 0
github.com/GuiTadeu/mercado-fresh-panic/internal/warehouses/repository.go:43.25,45.3 1 0
github.com/GuiTadeu/mercado-fresh-panic/internal/warehouses/repository.go:50.74,51.41 1 0
github.com/GuiTadeu/mercado-fresh-panic/internal/warehouses/repository.go:57.2,57.53 1 0
github.com/GuiTadeu/mercado-fresh-panic/internal/warehouses/repository.go:51.41,52.25 1 0
github.com/GuiTadeu/mercado-fresh-panic/internal/warehouses/repository.go:52.25,54.4 1 0
github.com/GuiTadeu/mercado-fresh-panic/internal/warehouses/repository.go:60.55,61.30 1 0
github.com/GuiTadeu/mercado-fresh-panic/internal/warehouses/repository.go:67.2,67.31 1 0
github.com/GuiTadeu/mercado-fresh-panic/internal/warehouses/repository.go:61.30,62.31 1 0
github.com/GuiTadeu/mercado-fresh-panic/internal/warehouses/repository.go:62.31,65.4 2 0
github.com/GuiTadeu/mercado-fresh-panic/internal/warehouses/repository.go:70.58,71.41 1 0
github.com/GuiTadeu/mercado-fresh-panic/internal/warehouses/repository.go:76.2,76.14 1 0
github.com/GuiTadeu/mercado-fresh-panic/internal/warehouses/repository.go:71.41,72.29 1 0
github.com/GuiTadeu/mercado-fresh-panic/internal/warehouses/repository.go:72.29,74.4 1 0
github.com/GuiTadeu/mercado-fresh-panic/internal/warehouses/repository.go:79.96,80.35 1 0
github.com/GuiTadeu/mercado-fresh-panic/internal/warehouses/repository.go:86.2,86.95 1 0
github.com/GuiTadeu/mercado-fresh-panic/internal/warehouses/repository.go:80.35,81.27 1 0
github.com/GuiTadeu/mercado-fresh-panic/internal/warehouses/repository.go:81.27,84.4 2 0
github.com/GuiTadeu/mercado-fresh-panic/internal/warehouses/repository_mock.go:15.73,16.18 1 1
github.com/GuiTadeu/mercado-fresh-panic/internal/warehouses/repository_mock.go:20.2,20.45 1 1
github.com/GuiTadeu/mercado-fresh-panic/internal/warehouses/repository_mock.go:16.18,18.3 1 1
github.com/GuiTadeu/mercado-fresh-panic/internal/warehouses/repository_mock.go:23.77,24.57 1 1
github.com/GuiTadeu/mercado-fresh-panic/internal/warehouses/repository_mock.go:27.2,27.23 1 1
github.com/GuiTadeu/mercado-fresh-panic/internal/warehouses/repository_mock.go:24.57,26.3 1 1
github.com/GuiTadeu/mercado-fresh-panic/internal/warehouses/repository_mock.go:30.58,31.18 1 1
github.com/GuiTadeu/mercado-fresh-panic/internal/warehouses/repository_mock.go:34.2,34.12 1 1
github.com/GuiTadeu/mercado-fresh-panic/internal/warehouses/repository_mock.go:31.18,33.3 1 1
github.com/GuiTadeu/mercado-fresh-panic/internal/warehouses/repository_mock.go:38.61,40.2 1 1
github.com/GuiTadeu/mercado-fresh-panic/internal/warehouses/repository_mock.go:42.168,43.32 1 1
github.com/GuiTadeu/mercado-fresh-panic/internal/warehouses/repository_mock.go:46.2,46.43 1 1
github.com/GuiTadeu/mercado-fresh-panic/internal/warehouses/repository_mock.go:43.32,45.3 1 0
github.com/GuiTadeu/mercado-fresh-panic/internal/warehouses/repository_mock.go:49.99,50.18 1 1
github.com/GuiTadeu/mercado-fresh-panic/internal/warehouses/repository_mock.go:53.2,53.43 1 1
github.com/GuiTadeu/mercado-fresh-panic/internal/warehouses/repository_mock.go:50.18,52.3 1 0
